2020-02-05 22:08:09,494 
2020-02-05 22:08:09,495 ####### Router Automator #######
2020-02-05 22:08:09,496 Discovered platform: Platform.win_64
2020-02-05 22:08:09,496 No initialization needed for this platform
2020-02-05 22:08:09,497 
2020-02-05 22:08:09,497 Performing action: reboot_archer_c2_openwrt
2020-02-05 22:08:09,497 IP: http://192.168.0.2 username: root password: root tasks: ['login', 'reboot']
2020-02-05 22:09:04,635 
2020-02-05 22:09:04,635 ####### Router Automator #######
2020-02-05 22:09:04,637 Discovered platform: Platform.win_64
2020-02-05 22:09:04,637 No initialization needed for this platform
2020-02-05 22:09:04,638 
2020-02-05 22:09:04,638 Performing action: reboot_archer_c2_openwrt
2020-02-05 22:09:04,639 IP: http://192.168.0.2 username: root password: root tasks: ['login', 'reboot']
2020-02-05 22:09:09,542 
2020-02-05 22:09:09,542 ####### Router Automator #######
2020-02-05 22:09:09,544 Discovered platform: Platform.win_64
2020-02-05 22:09:09,544 No initialization needed for this platform
2020-02-05 22:09:09,545 
2020-02-05 22:09:09,545 Performing action: reboot_archer_c2_openwrt
2020-02-05 22:09:09,545 IP: http://192.168.0.2 username: root password: root tasks: ['login', 'reboot']
2020-02-05 22:14:25,910 
2020-02-05 22:14:25,910 ####### Router Automator #######
2020-02-05 22:14:25,912 Discovered platform: Platform.win_64
2020-02-05 22:14:25,912 No initialization needed for this platform
2020-02-05 22:14:25,913 
2020-02-05 22:14:25,913 Performing action: reboot_archer_c7
2020-02-05 22:14:25,913 IP: http://192.168.0.1 username: admin password: Jonjoopera1982 tasks: ['login', 'reboot']
2020-02-05 22:14:57,643 
2020-02-05 22:14:57,643 ####### Router Automator #######
2020-02-05 22:14:57,645 Discovered platform: Platform.win_64
2020-02-05 22:14:57,645 No initialization needed for this platform
2020-02-05 22:14:57,646 
2020-02-05 22:14:57,646 Performing action: reboot_archer_c7
2020-02-05 22:14:57,646 IP: http://192.168.0.1 username: admin password: Jonjoopera1982 tasks: ['login', 'reboot']
2020-02-05 22:15:42,352 
2020-02-05 22:15:42,352 ####### Router Automator #######
2020-02-05 22:15:42,353 Discovered platform: Platform.win_64
2020-02-05 22:15:42,354 No initialization needed for this platform
2020-02-05 22:15:42,354 
2020-02-05 22:15:42,354 Performing action: reboot_archer_c7
2020-02-05 22:15:42,355 IP: http://192.168.0.1 username: admin password: Jonjoopera1982 tasks: ['login', 'reboot']
2020-02-05 22:15:50,344 Performed task: login
2020-02-05 22:15:50,472 Performing task 'reboot' produced exception: Message: element not interactable
  (Session info: chrome=80.0.3987.87)

2020-02-05 22:15:50,473 Performed task: reboot
2020-02-05 22:15:50,541 Finished action: reboot_archer_c7
2020-02-05 22:15:50,542 
2020-02-05 22:15:50,544 ##### Router Automator Done #####
2020-02-05 22:15:50,544 
2020-02-05 22:18:22,244 
2020-02-05 22:18:22,244 ####### Router Automator #######
2020-02-05 22:18:22,245 Discovered platform: Platform.win_64
2020-02-05 22:18:22,245 No initialization needed for this platform
2020-02-05 22:18:22,246 
2020-02-05 22:18:22,246 Performing action: reboot_archer_c7
2020-02-05 22:18:22,246 IP: http://192.168.0.1 username: admin password: Jonjoopera1982 tasks: ['login', 'reboot']
2020-02-05 22:18:30,302 Performed task: login
2020-02-05 22:18:30,349 Performing task 'reboot' produced exception: Message: element not interactable
  (Session info: chrome=80.0.3987.87)

2020-02-05 22:18:30,350 Performed task: reboot
2020-02-05 22:18:30,393 Finished action: reboot_archer_c7
2020-02-05 22:18:30,393 
2020-02-05 22:18:30,397 ##### Router Automator Done #####
2020-02-05 22:18:30,397 
2020-02-05 22:47:16,358 
2020-02-05 22:47:16,359 ####### Router Automator #######
2020-02-05 22:47:16,360 Discovered platform: Platform.win_64
2020-02-05 22:47:16,360 No initialization needed for this platform
2020-02-05 22:47:16,360 
2020-02-05 22:47:16,360 Performing action: reboot_archer_c7
2020-02-05 22:47:16,360 IP: http://192.168.0.1 username: admin password: Jonjoopera1982 tasks: ['login', 'reboot']
2020-02-05 22:47:24,375 Performed task: login
2020-02-05 22:47:24,447 Performing task 'reboot' produced exception: Message: element not interactable
  (Session info: chrome=80.0.3987.87)

2020-02-05 22:47:24,450 Performed task: reboot
2020-02-05 22:47:24,494 Finished action: reboot_archer_c7
2020-02-05 22:47:24,494 
2020-02-05 22:47:24,497 ##### Router Automator Done #####
2020-02-05 22:47:24,497 
2020-02-06 19:12:15,899 
2020-02-06 19:12:15,899 ####### Router Automator #######
2020-02-06 19:12:15,899 Discovered platform: Platform.win_64
2020-02-06 19:12:15,899 No initialization needed for this platform
2020-02-06 19:12:15,915 
2020-02-06 19:12:15,915 Performing action: reboot_archer_c7
2020-02-06 19:12:15,915 IP: http://192.168.0.1 username: admin password: Jonjoopera1982 tasks: ['login', 'reboot']
2020-02-06 19:12:23,867 Performed task: login
2020-02-06 19:12:29,916 Unknown exception while performing task 'reboot'
2020-02-06 19:12:29,916 Performed task: reboot
2020-02-06 19:12:31,953 Retrying (Retry(total=2, connect=None, read=None, redirect=None, status=None)) after connection broken by 'NewConnectionError('<urllib3.connection.HTTPConnection object at 0x0000022ABFF1CC08>: Failed to establish a new connection: [WinError 10061] No connection could be made because the target machine actively refused it')': /session/341159bc6340696217090577678cebce/window
2020-02-06 19:12:34,008 Retrying (Retry(total=1, connect=None, read=None, redirect=None, status=None)) after connection broken by 'NewConnectionError('<urllib3.connection.HTTPConnection object at 0x0000022ABFF3F508>: Failed to establish a new connection: [WinError 10061] No connection could be made because the target machine actively refused it')': /session/341159bc6340696217090577678cebce/window
2020-02-06 19:12:43,512 
2020-02-06 19:12:43,512 ####### Router Automator #######
2020-02-06 19:12:43,512 Discovered platform: Platform.win_64
2020-02-06 19:12:43,512 No initialization needed for this platform
2020-02-06 19:12:43,512 
2020-02-06 19:12:43,512 Performing action: reboot_archer_c7
2020-02-06 19:12:43,512 IP: http://192.168.0.1 username: admin password: Jonjoopera1982 tasks: ['login', 'reboot']
2020-02-06 19:12:51,672 Performed task: login
2020-02-06 19:14:27,507 Unknown exception while performing task 'reboot'
2020-02-06 19:14:27,507 Performed task: reboot
2020-02-06 19:14:29,541 Retrying (Retry(total=2, connect=None, read=None, redirect=None, status=None)) after connection broken by 'NewConnectionError('<urllib3.connection.HTTPConnection object at 0x000001F726107D08>: Failed to establish a new connection: [WinError 10061] No connection could be made because the target machine actively refused it')': /session/51372c3342fb9cc2d796ed78a90e335c/window
2020-02-06 19:14:35,308 
2020-02-06 19:14:35,308 ####### Router Automator #######
2020-02-06 19:14:35,308 Discovered platform: Platform.win_64
2020-02-06 19:14:35,308 No initialization needed for this platform
2020-02-06 19:14:35,308 
2020-02-06 19:14:35,308 Performing action: reboot_archer_c7
2020-02-06 19:14:35,308 IP: http://192.168.0.1 username: admin password: Jonjoopera1982 tasks: ['login', 'reboot']
2020-02-06 19:14:43,473 Performed task: login
2020-02-06 19:16:45,414 Unknown exception while performing task 'reboot'
2020-02-06 19:16:45,414 Performed task: reboot
2020-02-06 19:16:45,429 Retrying (Retry(total=2, connect=None, read=None, redirect=None, status=None)) after connection broken by 'ProtocolError('Connection aborted.', ConnectionResetError(10054, 'An existing connection was forcibly closed by the remote host', None, 10054, None))': /session/e20be85ea3bfe3b016d9d61342c8e737/window
2020-02-06 19:52:29,611 
2020-02-06 19:52:29,611 ####### Router Automator #######
2020-02-06 19:52:29,611 Discovered platform: Platform.win_64
2020-02-06 19:52:29,611 No initialization needed for this platform
2020-02-06 19:52:29,626 
2020-02-06 19:52:29,626 Performing action: reboot_archer_c7
2020-02-06 19:52:29,626 IP: http://192.168.0.1 username: admin password: Jonjoopera1982 tasks: ['login', 'reboot']
2020-02-06 19:52:37,733 Performed task: login
2020-02-06 19:53:35,992 Unknown exception while performing task 'reboot'
2020-02-06 19:53:35,992 Performed task: reboot
2020-02-06 19:53:38,021 Retrying (Retry(total=2, connect=None, read=None, redirect=None, status=None)) after connection broken by 'NewConnectionError('<urllib3.connection.HTTPConnection object at 0x0000023500F4F648>: Failed to establish a new connection: [WinError 10061] No connection could be made because the target machine actively refused it')': /session/6a13e1ceeac7b6acb600b8981d99f216/window
2020-02-06 19:53:40,035 Retrying (Retry(total=1, connect=None, read=None, redirect=None, status=None)) after connection broken by 'NewConnectionError('<urllib3.connection.HTTPConnection object at 0x0000023500F4F188>: Failed to establish a new connection: [WinError 10061] No connection could be made because the target machine actively refused it')': /session/6a13e1ceeac7b6acb600b8981d99f216/window
2020-02-06 19:53:42,041 Retrying (Retry(total=0, connect=None, read=None, redirect=None, status=None)) after connection broken by 'NewConnectionError('<urllib3.connection.HTTPConnection object at 0x0000023500F4F908>: Failed to establish a new connection: [WinError 10061] No connection could be made because the target machine actively refused it')': /session/6a13e1ceeac7b6acb600b8981d99f216/window
2020-02-06 19:53:53,364 
2020-02-06 19:53:53,364 ####### Router Automator #######
2020-02-06 19:53:53,364 Discovered platform: Platform.win_64
2020-02-06 19:53:53,364 No initialization needed for this platform
2020-02-06 19:53:53,364 
2020-02-06 19:53:53,364 Performing action: reboot_archer_c7
2020-02-06 19:53:53,364 IP: http://192.168.0.1 username: admin password: Jonjoopera1982 tasks: ['login', 'reboot']
2020-02-06 19:54:01,574 Performed task: login
2020-02-06 19:54:35,533 Performing task 'reboot' produced exception: name 'mainFrame' is not defined
2020-02-06 19:54:35,533 Performed task: reboot
2020-02-06 19:54:35,627 Finished action: reboot_archer_c7
2020-02-06 19:54:35,627 
2020-02-06 19:54:35,630 ##### Router Automator Done #####
2020-02-06 19:54:35,630 
2020-02-06 19:55:18,673 
2020-02-06 19:55:18,673 ####### Router Automator #######
2020-02-06 19:55:18,688 Discovered platform: Platform.win_64
2020-02-06 19:55:18,688 No initialization needed for this platform
2020-02-06 19:55:18,688 
2020-02-06 19:55:18,688 Performing action: reboot_archer_c7
2020-02-06 19:55:18,688 IP: http://192.168.0.1 username: admin password: Jonjoopera1982 tasks: ['login', 'reboot']
2020-02-06 19:55:26,781 Performed task: login
2020-02-06 19:55:49,966 Performing task 'reboot' produced exception: Message: stale element reference: element is not attached to the page document
  (Session info: chrome=80.0.3987.87)

2020-02-06 19:55:49,968 Performed task: reboot
2020-02-06 19:55:50,042 Finished action: reboot_archer_c7
2020-02-06 19:55:50,043 
2020-02-06 19:55:50,044 ##### Router Automator Done #####
2020-02-06 19:55:50,046 
2020-02-06 19:57:34,140 
2020-02-06 19:57:34,156 ####### Router Automator #######
2020-02-06 19:57:34,156 Discovered platform: Platform.win_64
2020-02-06 19:57:34,156 No initialization needed for this platform
2020-02-06 19:57:34,156 
2020-02-06 19:57:34,156 Performing action: reboot_archer_c7
2020-02-06 19:57:34,156 IP: http://192.168.0.1 username: admin password: Jonjoopera1982 tasks: ['login', 'reboot']
2020-02-06 19:57:42,286 Performed task: login
2020-02-06 19:57:44,413 Performing task 'reboot' produced exception: Message: stale element reference: element is not attached to the page document
  (Session info: chrome=80.0.3987.87)

2020-02-06 19:57:44,413 Performed task: reboot
2020-02-06 19:57:44,473 Finished action: reboot_archer_c7
2020-02-06 19:57:44,474 
2020-02-06 19:57:44,475 ##### Router Automator Done #####
2020-02-06 19:57:44,476 
2020-02-06 19:58:22,054 
2020-02-06 19:58:22,054 ####### Router Automator #######
2020-02-06 19:58:22,054 Discovered platform: Platform.win_64
2020-02-06 19:58:22,054 No initialization needed for this platform
2020-02-06 19:58:22,054 
2020-02-06 19:58:22,054 Performing action: reboot_archer_c7
2020-02-06 19:58:22,054 IP: http://192.168.0.1 username: admin password: Jonjoopera1982 tasks: ['login', 'reboot']
2020-02-06 19:58:30,187 Performed task: login
2020-02-06 19:58:32,358 Performing task 'reboot' produced exception: Message: stale element reference: element is not attached to the page document
  (Session info: chrome=80.0.3987.87)

2020-02-06 19:58:32,358 Performed task: reboot
2020-02-06 19:58:32,436 Finished action: reboot_archer_c7
2020-02-06 19:58:32,436 
2020-02-06 19:58:32,436 ##### Router Automator Done #####
2020-02-06 19:58:32,436 
2020-02-06 19:59:11,258 
2020-02-06 19:59:11,258 ####### Router Automator #######
2020-02-06 19:59:11,274 Discovered platform: Platform.win_64
2020-02-06 19:59:11,274 No initialization needed for this platform
2020-02-06 19:59:11,274 
2020-02-06 19:59:11,274 Performing action: reboot_archer_c7
2020-02-06 19:59:11,274 IP: http://192.168.0.1 username: admin password: Jonjoopera1982 tasks: ['login', 'reboot']
2020-02-06 19:59:24,983 Performed task: login
2020-02-06 20:00:57,465 Unknown exception while performing task 'reboot'
2020-02-06 20:00:57,465 Performed task: reboot
2020-02-06 20:01:27,871 
2020-02-06 20:01:27,871 ####### Router Automator #######
2020-02-06 20:01:27,887 Discovered platform: Platform.win_64
2020-02-06 20:01:27,887 No initialization needed for this platform
2020-02-06 20:01:27,887 
2020-02-06 20:01:27,887 Performing action: reboot_archer_c7
2020-02-06 20:01:27,887 IP: http://192.168.0.1 username: admin password: Jonjoopera1982 tasks: ['login', 'reboot']
2020-02-06 20:01:36,104 Performed task: login
2020-02-06 20:02:03,232 Unknown exception while performing task 'reboot'
2020-02-06 20:02:03,232 Performed task: reboot
2020-02-06 20:02:05,291 Retrying (Retry(total=2, connect=None, read=None, redirect=None, status=None)) after connection broken by 'NewConnectionError('<urllib3.connection.HTTPConnection object at 0x0000024472E2DA88>: Failed to establish a new connection: [WinError 10061] No connection could be made because the target machine actively refused it')': /session/9bad99d88c400468021891c4a51c7d0c/window
2020-02-06 20:02:10,913 
2020-02-06 20:02:10,913 ####### Router Automator #######
2020-02-06 20:02:10,913 Discovered platform: Platform.win_64
2020-02-06 20:02:10,913 No initialization needed for this platform
2020-02-06 20:02:10,913 
2020-02-06 20:02:10,913 Performing action: reboot_archer_c7
2020-02-06 20:02:10,913 IP: http://192.168.0.1 username: admin password: Jonjoopera1982 tasks: ['login', 'reboot']
2020-02-06 20:02:18,968 Performed task: login
2020-02-06 20:05:38,751 Unknown exception while performing task 'reboot'
2020-02-06 20:05:38,751 Performed task: reboot
2020-02-06 20:05:40,777 Retrying (Retry(total=2, connect=None, read=None, redirect=None, status=None)) after connection broken by 'NewConnectionError('<urllib3.connection.HTTPConnection object at 0x0000021EE1E8DB88>: Failed to establish a new connection: [WinError 10061] No connection could be made because the target machine actively refused it')': /session/9ce17a847a17918ff335fa24e43c3f70/window
2020-02-06 20:05:42,792 Retrying (Retry(total=1, connect=None, read=None, redirect=None, status=None)) after connection broken by 'NewConnectionError('<urllib3.connection.HTTPConnection object at 0x0000021EE1E8DAC8>: Failed to establish a new connection: [WinError 10061] No connection could be made because the target machine actively refused it')': /session/9ce17a847a17918ff335fa24e43c3f70/window
2020-02-06 20:05:44,826 Retrying (Retry(total=0, connect=None, read=None, redirect=None, status=None)) after connection broken by 'NewConnectionError('<urllib3.connection.HTTPConnection object at 0x0000021EE1E8DA08>: Failed to establish a new connection: [WinError 10061] No connection could be made because the target machine actively refused it')': /session/9ce17a847a17918ff335fa24e43c3f70/window
2020-02-06 20:05:49,011 
2020-02-06 20:05:49,011 ####### Router Automator #######
2020-02-06 20:05:49,011 Discovered platform: Platform.win_64
2020-02-06 20:05:49,011 No initialization needed for this platform
2020-02-06 20:05:49,011 
2020-02-06 20:05:49,011 Performing action: reboot_archer_c7
2020-02-06 20:05:49,011 IP: http://192.168.0.1 username: admin password: Jonjoopera1982 tasks: ['login', 'reboot']
2020-02-06 20:06:06,031 
2020-02-06 20:06:06,031 ####### Router Automator #######
2020-02-06 20:06:06,032 Discovered platform: Platform.win_64
2020-02-06 20:06:06,033 No initialization needed for this platform
2020-02-06 20:06:06,034 
2020-02-06 20:06:06,034 Performing action: reboot_archer_c7
2020-02-06 20:06:06,034 IP: http://192.168.0.1 username: admin password: Jonjoopera1982 tasks: ['login', 'reboot']
2020-02-06 20:06:14,566 Performed task: login
2020-02-06 20:06:54,022 Performing task 'reboot' produced exception: Message: chrome not reachable
  (Session info: chrome=80.0.3987.87)

2020-02-06 20:08:25,746 Performed task: reboot
2020-02-06 20:08:30,316 
2020-02-06 20:08:30,316 ####### Router Automator #######
2020-02-06 20:08:30,316 Discovered platform: Platform.win_64
2020-02-06 20:08:30,316 No initialization needed for this platform
2020-02-06 20:08:30,316 
2020-02-06 20:08:30,316 Performing action: reboot_archer_c7
2020-02-06 20:08:30,316 IP: http://192.168.0.1 username: admin password: Jonjoopera1982 tasks: ['login', 'reboot']
2020-02-06 20:08:38,350 Performed task: login
2020-02-06 20:10:57,367 Unknown exception while performing task 'reboot'
2020-02-06 20:10:57,367 Performed task: reboot
2020-02-06 20:10:57,373 Retrying (Retry(total=2, connect=None, read=None, redirect=None, status=None)) after connection broken by 'ProtocolError('Connection aborted.', ConnectionResetError(10054, 'An existing connection was forcibly closed by the remote host', None, 10054, None))': /session/307e874241ee4a223df42bc70eedb6e5/window
2020-02-06 20:10:59,376 Retrying (Retry(total=1, connect=None, read=None, redirect=None, status=None)) after connection broken by 'NewConnectionError('<urllib3.connection.HTTPConnection object at 0x000002378968D388>: Failed to establish a new connection: [WinError 10061] No connection could be made because the target machine actively refused it')': /session/307e874241ee4a223df42bc70eedb6e5/window
2020-02-06 20:11:29,477 
2020-02-06 20:11:29,477 ####### Router Automator #######
2020-02-06 20:11:29,478 Discovered platform: Platform.win_64
2020-02-06 20:11:29,479 No initialization needed for this platform
2020-02-06 20:11:29,479 
2020-02-06 20:11:29,480 Performing action: reboot_archer_c7
2020-02-06 20:11:29,480 IP: http://192.168.0.1 username: admin password: Jonjoopera1982 tasks: ['login', 'reboot']
2020-02-06 20:11:37,549 Performed task: login
2020-02-06 20:13:02,823 Unknown exception while performing task 'reboot'
2020-02-06 20:13:02,823 Performed task: reboot
2020-02-06 20:13:02,827 Retrying (Retry(total=2, connect=None, read=None, redirect=None, status=None)) after connection broken by 'ProtocolError('Connection aborted.', ConnectionResetError(10054, 'An existing connection was forcibly closed by the remote host', None, 10054, None))': /session/34eea1924a59fb8c81374fd821362881/window
2020-02-06 20:13:04,829 Retrying (Retry(total=1, connect=None, read=None, redirect=None, status=None)) after connection broken by 'NewConnectionError('<urllib3.connection.HTTPConnection object at 0x000002497208D108>: Failed to establish a new connection: [WinError 10061] No connection could be made because the target machine actively refused it')': /session/34eea1924a59fb8c81374fd821362881/window
2020-02-06 20:13:06,847 Retrying (Retry(total=0, connect=None, read=None, redirect=None, status=None)) after connection broken by 'NewConnectionError('<urllib3.connection.HTTPConnection object at 0x000002497208D348>: Failed to establish a new connection: [WinError 10061] No connection could be made because the target machine actively refused it')': /session/34eea1924a59fb8c81374fd821362881/window
2020-02-06 20:15:15,238 
2020-02-06 20:15:15,239 ####### Router Automator #######
2020-02-06 20:15:15,240 Discovered platform: Platform.win_64
2020-02-06 20:15:15,241 No initialization needed for this platform
2020-02-06 20:15:15,242 
2020-02-06 20:15:15,242 Performing action: reboot_archer_c7
2020-02-06 20:15:15,242 IP: http://192.168.0.1 username: admin password: Jonjoopera1982 tasks: ['login', 'reboot']
